<?xml version="1.0" encoding="UTF-8"?>
<!-- Generated by org.testng.reporters.JUnitReportReporter -->
<testsuite hostname="DESKTOP-GJ4CJQL" failures="0" tests="1" name="advnceseltest.Sample" time="0.006" errors="0" timestamp="2023-06-13T12:22:54 IST" skipped="0">
  <testcase classname="advnceseltest.Sample" name="test" time="0.006">
    <system-out>
      <![CDATA[hello world]]>
    </system-out>
  </testcase> <!-- test -->
  <system-out>
    <![CDATA[hello world
hello 
hello world]]>
  </system-out>
</testsuite> <!-- advnceseltest.Sample -->
