<?xml version="1.0" encoding="UTF-8"?>
<!-- Generated by org.testng.reporters.JUnitReportReporter -->
<testsuite hostname="DESKTOP-GJ4CJQL" failures="0" tests="1" name="advnceseltest.Testng_fb_login" time="27.630" errors="0" timestamp="2023-06-13T12:35:50 IST" skipped="0">
  <testcase classname="advnceseltest.Testng_fb_login" name="test" time="27.630"/>
</testsuite> <!-- advnceseltest.Testng_fb_login -->
