<?xml version="1.0" encoding="UTF-8"?>
<!-- Generated by org.testng.reporters.JUnitReportReporter -->
<testsuite hostname="DESKTOP-GJ4CJQL" failures="0" tests="2" name="advnceseltest.Demo" time="0.041" errors="0" timestamp="2023-06-13T12:22:54 IST" skipped="0">
  <testcase classname="advnceseltest.Demo" name="test1" time="0.010">
    <system-out>
      <![CDATA[hello ]]>
    </system-out>
  </testcase> <!-- test1 -->
  <testcase classname="advnceseltest.Demo" name="test" time="0.031">
    <system-out>
      <![CDATA[hello world]]>
    </system-out>
  </testcase> <!-- test -->
  <system-out>
    <![CDATA[hello world
hello 
hello world]]>
  </system-out>
</testsuite> <!-- advnceseltest.Demo -->
