<?xml version="1.0" encoding="UTF-8"?>
<!-- Generated by org.testng.reporters.JUnitReportReporter -->
<testsuite hostname="DESKTOP-GJ4CJQL" failures="0" tests="1" name="genric_script.Runner_script" time="36.044" errors="0" timestamp="2023-06-23T09:15:22 IST" skipped="0">
  <testcase classname="genric_script.Runner_script" name="runnerapp" time="36.044"/>
</testsuite> <!-- genric_script.Runner_script -->
